<?xml version="1.0" encoding="UTF-8"?>
<testng-results ignored="0" total="2" passed="2" failed="0" skipped="0">
  <reporter-output>
  </reporter-output>
  <suite started-at="2021-07-20T16:53:29Z" name="Suite" finished-at="2021-07-20T16:53:48Z" duration-ms="18808">
    <groups>
    </groups>
    <test started-at="2021-07-20T16:53:29Z" name="OpeningSimpleWeb1" finished-at="2021-07-20T16:53:40Z" duration-ms="10778">
      <class name="demo1.Flipkart">
        <test-method signature="testOnChromeWithBrowserStackUrl()[pri:0, instance:demo1.Flipkart@72f926e6]" started-at="2021-07-20T16:53:29Z" name="testOnChromeWithBrowserStackUrl" finished-at="2021-07-20T16:53:40Z" duration-ms="10699" status="PASS">
          <reporter-output>
          </reporter-output>
        </test-method> <!-- testOnChromeWithBrowserStackUrl -->
      </class> <!-- demo1.Flipkart -->
    </test> <!-- OpeningSimpleWeb1 -->
    <test started-at="2021-07-20T16:53:40Z" name="OpeningSimpleWeb2" finished-at="2021-07-20T16:53:48Z" duration-ms="7860">
      <class name="demo2.SnapDeal">
        <test-method signature="testOnChromeWithBrowserStackSignUp()[pri:0, instance:demo2.SnapDeal@498d318c]" started-at="2021-07-20T16:53:40Z" name="testOnChromeWithBrowserStackSignUp" finished-at="2021-07-20T16:53:48Z" duration-ms="7856" status="PASS">
          <reporter-output>
          </reporter-output>
        </test-method> <!-- testOnChromeWithBrowserStackSignUp -->
      </class> <!-- demo2.SnapDeal -->
    </test> <!-- OpeningSimpleWeb2 -->
  </suite> <!-- Suite -->
</testng-results>
